Arguments: 
  d:\Program Files\nodejs\node.exe D:\Users\walle\AppData\Roaming\npm\node_modules\yarn\bin\yarn.js add echats

PATH: 
  D:\Users\walle\AppData\Local\Programs\Python\Python38\Scripts\;D:\Users\walle\AppData\Local\Programs\Python\Python38\;D:\Program Files (x86)\NetSarang\Xftp 6\;D:\Program Files (x86)\NetSarang\Xshell 6\;C:\Windows\system32;C:\Windows;C:\Windows\System32\Wbem;C:\Windows\System32\WindowsPowerShell\v1.0\;C:\Windows\System32\OpenSSH\;C:\Program Files\Intel\WiFi\bin\;C:\Program Files\Common Files\Intel\WirelessCommon\;C:\Program Files (x86)\NVIDIA Corporation\PhysX\Common;C:\Program Files\NVIDIA Corporation\NVIDIA NvDLISR;d:\Program Files\Git\cmd;C:\Program Files\Java\jdk-13\bin;C:\Program Files\Java\jdk-13\jre\bin;D:\Program Files\MySQL\mysql-5.7.27-winx64\bin;C:\ProgramData\chocolatey\bin;D:\Program Files\GTK3-Runtime Win64\bin;D:\msys2\mingw64\bin;D:\msys64\mingw32\bin;C:\Program Files\dotnet\;C:\Program Files\Microsoft SQL Server\130\Tools\Binn\;%NVM_HOME%;%NVM_SYMLINK%;C:\Users\walle\AppData\Local\Microsoft\WindowsApps;d:\Users\walle\AppData\Local\Programs\Microsoft VS Code\bin;d:\Users\walle\AppData\Local\Programs\Fiddler;C:\tools\dart-sdk\bin;C:\Users\walle\AppData\Roaming\Pub\Cache\bin;node_modules\npm\bin;D:\Users\walle\AppData\Roaming\npm;d:\Users\walle\AppData\Roaming\nvm;d:\Program Files\nodejs

Yarn version: 
  1.22.4

Node version: 
  12.16.1

Platform: 
  win32 x64

Trace: 
  Error: https://registry.npmjs.org/echats: Not found
      at Request.params.callback [as _callback] (D:\Users\walle\AppData\Roaming\npm\node_modules\yarn\lib\cli.js:66987:18)
      at Request.self.callback (D:\Users\walle\AppData\Roaming\npm\node_modules\yarn\lib\cli.js:140748:22)
      at Request.emit (events.js:311:20)
      at Request.<anonymous> (D:\Users\walle\AppData\Roaming\npm\node_modules\yarn\lib\cli.js:141720:10)
      at Request.emit (events.js:311:20)
      at IncomingMessage.<anonymous> (D:\Users\walle\AppData\Roaming\npm\node_modules\yarn\lib\cli.js:141642:12)
      at Object.onceWrapper (events.js:417:28)
      at IncomingMessage.emit (events.js:323:22)
      at endReadableNT (_stream_readable.js:1204:12)
      at processTicksAndRejections (internal/process/task_queues.js:84:21)

npm manifest: 
  {
    "name": "uni-ui-project",
    "version": "1.0.0",
    "main": "main.js",
    "license": "MIT",
    "dependencies": {
      "uni-simple-router": "^1.5.4",
      "vuex": "^3.4.0"
    }
  }

yarn manifest: 
  No manifest

Lockfile: 
  # THIS IS AN AUTOGENERATED FILE. DO NOT EDIT THIS FILE DIRECTLY.
  # yarn lockfile v1
  
  
  uni-hold-tabbar@^1.0.0:
    version "1.0.0"
    resolved "https://registry.yarnpkg.com/uni-hold-tabbar/-/uni-hold-tabbar-1.0.0.tgz#92be7924414a79a8e49d2f191d87959e60ade932"
    integrity sha512-y2aeK5x5+znct18UiD8/LHX3F6ilOPHWRuJgA72+FbEmrzKE4otXRqiRZDqhifo0Zq4mby/wIRzKyiEyOCq5iQ==
  
  uni-simple-router@^1.5.4:
    version "1.5.4"
    resolved "https://registry.yarnpkg.com/uni-simple-router/-/uni-simple-router-1.5.4.tgz#1f20b299e0a0b742f78d0931926406623d33348a"
    integrity sha512-P0qO2UN9FdSRQC8nBkmNHSY4a71B8doZp9lUmvvUPYQP6EUlFJUuMcbfiHgbChSb0ovLx8v+WFHwvdCuH0KTxg==
    dependencies:
      uni-hold-tabbar "^1.0.0"
  
  vuex@^3.4.0:
    version "3.4.0"
    resolved "https://registry.yarnpkg.com/vuex/-/vuex-3.4.0.tgz#20cc086062d750769fce1febb34e7fceeaebde45"
    integrity sha512-ajtqwEW/QhnrBZQsZxCLHThZZaa+Db45c92Asf46ZDXu6uHXgbfVuBaJ4gzD2r4UX0oMJHstFwd2r2HM4l8umg==
